<?xml version="1.0" encoding="UTF-8"?>
<testsuite xmlns:xsi="http://www.w3.org/2001/XMLSchema-instance" xsi:noNamespaceSchemaLocation="https://maven.apache.org/surefire/maven-surefire-plugin/xsd/surefire-test-report.xsd" name="io.javabrains.MathUtilsTest" time="0.092" tests="6" errors="0" skipped="0" failures="1">
  <properties>
[...]
</properties>
  <testcase name="return_subtract_two_numbers" classname="io.javabrains.MathUtilsTest" time="0.048"/>
  <testcase name="return_number_divide" classname="io.javabrains.MathUtilsTest" time="0.003"/>
  <testcase name="return_area_of_circle" classname="io.javabrains.MathUtilsTest" time="0.003"/>
  <testcase name="return_multiply" classname="io.javabrains.MathUtilsTest" time="0.017">
    <failure message="Multiple Failures (1 failure)&#10;	org.opentest4j.AssertionFailedError: expected: &lt;1&gt; but was: &lt;0&gt;" type="org.opentest4j.MultipleFailuresError"><![CDATA[org.opentest4j.MultipleFailuresError: 
Multiple Failures (1 failure)
	org.opentest4j.AssertionFailedError: expected: <1> but was: <0>
	at io.javabrains.MathUtilsTest.return_multiply(MathUtilsTest.java:81)
]]></failure>
    <system-out><![CDATA[Rodando
]]></system-out>
  </testcase>
  <testcase name="sum_negative_numbers" classname="io.javabrains.MathUtilsTest$AddTest" time="0.007"/>
  <testcase name="return_sum_two_numbers" classname="io.javabrains.MathUtilsTest$AddTest" time="0.002"/>
</testsuite>